Using pre-set license
Built from '2020.2/release' branch; Version is '2020.2.0f1 (3721df5a8b28) revision 3613151'; Using compiler version '192528614'; Build Type 'Release'
OS: 'Windows 10  (10.0.0) 64bit' Language: 'de' Physical Memory: 8113 MB
BatchMode: 1, IsHumanControllingUs: 0, StartBugReporterOnCrash: 0, Is64bit: 1, IsPro: 0

 COMMAND LINE ARGUMENTS:
C:\Program Files\Unity\Hub\Editor\2020.2.0f1\Editor\Unity.exe
-adb2
-batchMode
-noUpm
-name
AssetImportWorker1
-projectPath
C:/Users/felix/Strategy
-logFile
Logs/AssetImportWorker1.log
-srvPort
55877
Successfully changed project path to: C:/Users/felix/Strategy
C:/Users/felix/Strategy
Using Asset Import Pipeline V2.
Refreshing native plugins compatible for Editor in 113.73 ms, found 1 plugins.
Preloading 0 native plugins for Editor in 0.00 ms.
Initialize engine version: 2020.2.0f1 (3721df5a8b28)
[Subsystems] Discovering subsystems at path C:/Program Files/Unity/Hub/Editor/2020.2.0f1/Editor/Data/Resources/UnitySubsystems
[Subsystems] Discovering subsystems at path C:/Users/felix/Strategy/Assets
GfxDevice: creating device client; threaded=0
Direct3D:
    Version:  Direct3D 11.0 [level 11.1]
    Renderer: NVIDIA GeForce GTX 1050 (ID=0x1c8d)
    Vendor:   
    VRAM:     1979 MB
    Driver:   27.21.14.5671
Initialize mono
Mono path[0] = 'C:/Program Files/Unity/Hub/Editor/2020.2.0f1/Editor/Data/Managed'
Mono path[1] = 'C:/Program Files/Unity/Hub/Editor/2020.2.0f1/Editor/Data/MonoBleedingEdge/lib/mono/unityjit'
Mono config path = 'C:/Program Files/Unity/Hub/Editor/2020.2.0f1/Editor/Data/MonoBleedingEdge/etc'
Using monoOptions --debugger-agent=transport=dt_socket,embedding=1,server=y,suspend=n,address=127.0.0.1:56856
Begin MonoManager ReloadAssembly
Registering precompiled unity dll's ...
Register platform support module: C:/Program Files/Unity/Hub/Editor/2020.2.0f1/Editor/Data/PlaybackEngines/WindowsStandaloneSupport/UnityEditor.WindowsStandalone.Extensions.dll
Registered in 0.004536 seconds.
Native extension for WindowsStandalone target not found
Refreshing native plugins compatible for Editor in 88.45 ms, found 1 plugins.
Preloading 0 native plugins for Editor in 0.00 ms.
Invoked RoslynAnalysisRunner static constructor.
RoslynAnalysisRunner will not be running.
RoslynAnalysisRunner has terminated.
Mono: successfully reloaded assembly
- Completed reload, in  2.665 seconds
Platform modules already initialized, skipping
Registering precompiled user dll's ...
Registered in 0.002245 seconds.
Begin MonoManager ReloadAssembly
Native extension for WindowsStandalone target not found
Refreshing native plugins compatible for Editor in 95.89 ms, found 1 plugins.
Preloading 0 native plugins for Editor in 0.00 ms.
Invoked RoslynAnalysisRunner static constructor.
RoslynAnalysisRunner will not be running.
RoslynAnalysisRunner has terminated.
Mono: successfully reloaded assembly
- Completed reload, in  5.793 seconds
Platform modules already initialized, skipping
========================================================================
Worker process is ready to serve import requests
Launched and connected shader compiler UnityShaderCompiler.exe after 0.15 seconds
Refreshing native plugins compatible for Editor in 0.86 ms, found 1 plugins.
Preloading 0 native plugins for Editor in 0.00 ms.
Unloading 1787 Unused Serialized files (Serialized files now loaded: 0)
System memory in use before: 83.5 MB.
System memory in use after: 83.5 MB.

Unloading 24 unused Assets to reduce memory usage. Loaded Objects now: 2226.
Total: 9.784700 ms (FindLiveObjects: 0.457400 ms CreateObjectMapping: 0.290900 ms MarkObjects: 8.535500 ms  DeleteObjects: 0.496200 ms)

========================================================================
Received Import Request.
  path: Assets/Sprites
  artifactKey: Guid(751ea7a2399b0e34d8aa4a81f93fb849) Importer(815301076,1909f56bfc062723c751e8b465ee728b)
Start importing Assets/Sprites using Guid(751ea7a2399b0e34d8aa4a81f93fb849) Importer(815301076,1909f56bfc062723c751e8b465ee728b)  -> (artifact id: 'd8429e0b4dd430d7ac2634428d375ad3') in 0.030788 seconds
  Import took 0.042330 seconds .

========================================================================
Received Import Request.
  Time since last request: 80.703707 seconds.
  path: Assets/Sprites/Grass.png
  artifactKey: Guid(04a32dfd3c79e5f4eb7ae798dfee30b7) Importer(815301076,1909f56bfc062723c751e8b465ee728b)
Start importing Assets/Sprites/Grass.png using Guid(04a32dfd3c79e5f4eb7ae798dfee30b7) Importer(815301076,1909f56bfc062723c751e8b465ee728b)  -> (artifact id: 'a8e5c96336049da7c8fd86356316d7ce') in 0.565972 seconds
  Import took 0.580897 seconds .

========================================================================
Received Import Request.
  Time since last request: 63.367601 seconds.
  path: Assets/Sprites/New Palette.prefab
  artifactKey: Guid(8d11f0544be5f124da2d24f0cd329209) Importer(815301076,1909f56bfc062723c751e8b465ee728b)
Start importing Assets/Sprites/New Palette.prefab using Guid(8d11f0544be5f124da2d24f0cd329209) Importer(815301076,1909f56bfc062723c751e8b465ee728b)  -> (artifact id: '3b5716b8ca806acaa8673ca41eb0208a') in 0.078919 seconds
  Import took 0.095268 seconds .

========================================================================
Received Import Request.
  Time since last request: 32.545348 seconds.
  path: Assets/Sprites/New Palette.prefab
  artifactKey: Guid(8d11f0544be5f124da2d24f0cd329209) Importer(815301076,1909f56bfc062723c751e8b465ee728b)
Start importing Assets/Sprites/New Palette.prefab using Guid(8d11f0544be5f124da2d24f0cd329209) Importer(815301076,1909f56bfc062723c751e8b465ee728b)  -> (artifact id: '9efa6d64a4ed844a6c9ec5c57ca4c01f') in 0.181870 seconds
  Import took 0.197157 seconds .

========================================================================
Received Import Request.
  Time since last request: 311.688796 seconds.
  path: Assets/Sprites/Basic Tiles.prefab
  artifactKey: Guid(3544fe27e8bae5f48928e677acd78779) Importer(815301076,1909f56bfc062723c751e8b465ee728b)
Start importing Assets/Sprites/Basic Tiles.prefab using Guid(3544fe27e8bae5f48928e677acd78779) Importer(815301076,1909f56bfc062723c751e8b465ee728b)  -> (artifact id: '718cecde668d917c13e5eb86cd42c935') in 0.034732 seconds
  Import took 0.052699 seconds .

========================================================================
Received Import Request.
  Time since last request: 21.338430 seconds.
  path: Assets/Sprites/Basic Tiles.prefab
  artifactKey: Guid(3544fe27e8bae5f48928e677acd78779) Importer(815301076,1909f56bfc062723c751e8b465ee728b)
Start importing Assets/Sprites/Basic Tiles.prefab using Guid(3544fe27e8bae5f48928e677acd78779) Importer(815301076,1909f56bfc062723c751e8b465ee728b)  -> (artifact id: '55753fee855d3465db6c067e6b415412') in 0.017171 seconds
  Import took 0.031622 seconds .

========================================================================
Received Import Request.
  Time since last request: 0.000804 seconds.
  path: Assets/Sprites/Grass.asset
  artifactKey: Guid(ff11ec439ef4ca84aa2dcf8bdc8cc76c) Importer(815301076,1909f56bfc062723c751e8b465ee728b)
Start importing Assets/Sprites/Grass.asset using Guid(ff11ec439ef4ca84aa2dcf8bdc8cc76c) Importer(815301076,1909f56bfc062723c751e8b465ee728b)  -> (artifact id: 'df5b90165aa2c1a9350d2ff449bfd870') in 0.104485 seconds
  Import took 0.116516 seconds .

========================================================================
Received Import Request.
  Time since last request: 308.904889 seconds.
  path: Assets/Sprites/Basic Tiles.prefab
  artifactKey: Guid(3544fe27e8bae5f48928e677acd78779) Importer(815301076,1909f56bfc062723c751e8b465ee728b)
Start importing Assets/Sprites/Basic Tiles.prefab using Guid(3544fe27e8bae5f48928e677acd78779) Importer(815301076,1909f56bfc062723c751e8b465ee728b)  -> (artifact id: '605e6b862e53141bc9323f4eb96e95d7') in 0.016144 seconds
  Import took 0.027865 seconds .

========================================================================
Received Import Request.
  Time since last request: 12.082150 seconds.
  path: Assets/Sprites/Basic Tiles.prefab
  artifactKey: Guid(3544fe27e8bae5f48928e677acd78779) Importer(815301076,1909f56bfc062723c751e8b465ee728b)
Start importing Assets/Sprites/Basic Tiles.prefab using Guid(3544fe27e8bae5f48928e677acd78779) Importer(815301076,1909f56bfc062723c751e8b465ee728b)  -> (artifact id: '1cabf72a443436a7cf21c81153d711f1') in 0.019163 seconds
  Import took 0.032263 seconds .

========================================================================
Received Import Request.
  Time since last request: 227.275927 seconds.
  path: Assets/Sprites/GrassBig.png
  artifactKey: Guid(4a588832ace75104c9b5d34c114e58fd) Importer(815301076,1909f56bfc062723c751e8b465ee728b)
Start importing Assets/Sprites/GrassBig.png using Guid(4a588832ace75104c9b5d34c114e58fd) Importer(815301076,1909f56bfc062723c751e8b465ee728b)  -> (artifact id: '58a611ffad8c1929bb480f4666782925') in 0.088532 seconds
  Import took 0.105692 seconds .

========================================================================
Received Import Request.
  Time since last request: 31.357222 seconds.
  path: Assets/Sprites/Basic Tiles.prefab
  artifactKey: Guid(3544fe27e8bae5f48928e677acd78779) Importer(815301076,1909f56bfc062723c751e8b465ee728b)
Start importing Assets/Sprites/Basic Tiles.prefab using Guid(3544fe27e8bae5f48928e677acd78779) Importer(815301076,1909f56bfc062723c751e8b465ee728b)  -> (artifact id: '19a641057a01fff603957b9764d475d8') in 0.020300 seconds
  Import took 0.033291 seconds .

========================================================================
Received Import Request.
  Time since last request: 88.400499 seconds.
  path: Assets/Sprites/Basic Tiles.prefab
  artifactKey: Guid(3544fe27e8bae5f48928e677acd78779) Importer(815301076,1909f56bfc062723c751e8b465ee728b)
Start importing Assets/Sprites/Basic Tiles.prefab using Guid(3544fe27e8bae5f48928e677acd78779) Importer(815301076,1909f56bfc062723c751e8b465ee728b)  -> (artifact id: 'b15854d8368e8eabf6f9de535d65e318') in 0.011668 seconds
  Import took 0.019396 seconds .

========================================================================
Received Import Request.
  Time since last request: 7.110828 seconds.
  path: Assets/Sprites/Basic Tiles.prefab
  artifactKey: Guid(3544fe27e8bae5f48928e677acd78779) Importer(815301076,1909f56bfc062723c751e8b465ee728b)
Start importing Assets/Sprites/Basic Tiles.prefab using Guid(3544fe27e8bae5f48928e677acd78779) Importer(815301076,1909f56bfc062723c751e8b465ee728b)  -> (artifact id: '244156d571bab6b825c5346afd0787fc') in 0.019138 seconds
  Import took 0.032838 seconds .

========================================================================
Received Import Request.
  Time since last request: 0.000936 seconds.
  path: Assets/Sprites/GrassBig.asset
  artifactKey: Guid(119d6552c256daa47a48eb6a63a7f823) Importer(815301076,1909f56bfc062723c751e8b465ee728b)
Start importing Assets/Sprites/GrassBig.asset using Guid(119d6552c256daa47a48eb6a63a7f823) Importer(815301076,1909f56bfc062723c751e8b465ee728b)  -> (artifact id: 'd606352cfde4d3e478b788258b7d94fe') in 0.047726 seconds
  Import took 0.059586 seconds .

========================================================================
Received Import Request.
  Time since last request: 225.504130 seconds.
  path: Assets/Sprites/GrassBig.png
  artifactKey: Guid(4a588832ace75104c9b5d34c114e58fd) Importer(815301076,1909f56bfc062723c751e8b465ee728b)
Start importing Assets/Sprites/GrassBig.png using Guid(4a588832ace75104c9b5d34c114e58fd) Importer(815301076,1909f56bfc062723c751e8b465ee728b)  -> (artifact id: '9ee75a4fa7f61673ddee6bc4bf0bd81c') in 0.066763 seconds
  Import took 0.084153 seconds .

========================================================================
Received Import Request.
  Time since last request: 0.005411 seconds.
  path: Assets/Sprites/GrassBig.png
  artifactKey: Guid(4a588832ace75104c9b5d34c114e58fd) Importer(815301076,1909f56bfc062723c751e8b465ee728b)
Start importing Assets/Sprites/GrassBig.png using Guid(4a588832ace75104c9b5d34c114e58fd) Importer(815301076,1909f56bfc062723c751e8b465ee728b)  -> (artifact id: '9ee75a4fa7f61673ddee6bc4bf0bd81c') in 0.033390 seconds
  Import took 0.051797 seconds .

========================================================================
Received Import Request.
  Time since last request: 36.356311 seconds.
  path: Assets/Sprites/Basic Tiles.prefab
  artifactKey: Guid(3544fe27e8bae5f48928e677acd78779) Importer(815301076,1909f56bfc062723c751e8b465ee728b)
Start importing Assets/Sprites/Basic Tiles.prefab using Guid(3544fe27e8bae5f48928e677acd78779) Importer(815301076,1909f56bfc062723c751e8b465ee728b)  -> (artifact id: '6ae39b99a5efea1cfc3504a897d650e2') in 0.058248 seconds
  Import took 0.070986 seconds .

========================================================================
Received Import Request.
  Time since last request: 23.625938 seconds.
  path: Assets/Sprites/Basic Tiles.prefab
  artifactKey: Guid(3544fe27e8bae5f48928e677acd78779) Importer(815301076,1909f56bfc062723c751e8b465ee728b)
Start importing Assets/Sprites/Basic Tiles.prefab using Guid(3544fe27e8bae5f48928e677acd78779) Importer(815301076,1909f56bfc062723c751e8b465ee728b)  -> (artifact id: '9b35c6f7a2f033a3c104dad16e351aba') in 0.018337 seconds
  Import took 0.057438 seconds .

========================================================================
Received Import Request.
  Time since last request: 0.011184 seconds.
  path: Assets/Sprites/Basic Tiles.prefab
  artifactKey: Guid(3544fe27e8bae5f48928e677acd78779) Importer(815301076,1909f56bfc062723c751e8b465ee728b)
Start importing Assets/Sprites/Basic Tiles.prefab using Guid(3544fe27e8bae5f48928e677acd78779) Importer(815301076,1909f56bfc062723c751e8b465ee728b)  -> (artifact id: '9b35c6f7a2f033a3c104dad16e351aba') in 0.019841 seconds
  Import took 0.034488 seconds .

AssetImportWorkerClient::OnTransportError - code=2 error=End of file
